apply_anti_tan_skamp: flipped
apply_anti_tan_skamp: flipped
apply_anti_tan_skamp: flipped
apply_anti_tan_skamp: flipped
apply_anti_tan_skamp: flipped
apply_anti_tan_skamp: flipped
apply_anti_tan_skamp: flipped
apply_anti_tan_skamp: flipped
apply_anti_tan_skamp: flipped
apply_anti_tan_skamp: flipped
apply_anti_tan_skamp: flipped
apply_anti_tan_skamp: flipped
apply_anti_tan_skamp: flipped
apply_anti_tan_skamp: flipped
apply_anti_tan_skamp: flipped
apply_anti_tan_skamp: flipped
apply_anti_tan_skamp: flipped
apply_anti_tan_skamp: flipped
apply_anti_tan_skamp: flipped
apply_anti_tan_skamp: flipped
apply_anti_tan_skamp: flipped
apply_anti_tan_skamp: flipped
apply_anti_tan_skamp: flipped
apply_anti_tan_skamp: flipped
apply_anti_tan_skamp: flipped
apply_anti_tan_skamp: flipped
apply_anti_tan_skamp: flipped
apply_anti_tan_skamp: flipped
apply_anti_tan_skamp: flipped
apply_anti_tan_skamp: flipped
apply_anti_tan_skamp: flipped
apply_anti_tan_skamp: flipped
apply_anti_tan_skamp: flipped
apply_anti_tan_skamp: flipped
apply_anti_tan_skamp: flipped
apply_anti_tan_skamp: flipped
apply_anti_tan_skamp: flipped
apply_anti_tan_skamp: flipped
apply_anti_tan_skamp: flipped
apply_anti_tan_skamp: flipped
apply_anti_tan_skamp: flipped
apply_anti_tan_skamp: flipped
ZOOM_SCALE=2.441406
OUTLINE={                                    -    905.4815,   517.9085,     0.0000}
        {   214.2815,   172.3085,     0.0000 -                                    }
CENTER=(   559.8815    345.1085      0.0000)
INPUTP=(   498.6303    395.4061      0.0000)
D     =(   -61.2512     50.2975      0.0000)
QUADRANT 1
